app/build/outputs/logs/manifest-merger-debug-report.txt
-- Merging decision tree log ---
manifest
ADDED from src/main/AndroidManifest.xml:2:1-76:12
	package
		ADDED from src/main/AndroidManifest.xml:3:5-24
		INJECTED from src/main/AndroidManifest.xml
		INJECTED from src/main/AndroidManifest.xml
	android:versionName
		ADDED from src/main/AndroidManifest.xml:5:5-30
		INJECTED from src/main/AndroidManifest.xml
		INJECTED from src/main/AndroidManifest.xml
	android:versionCode
		ADDED from src/main/AndroidManifest.xml:4:5-28
		INJECTED from src/main/AndroidManifest.xml
		INJECTED from src/main/AndroidManifest.xml
	xmlns:android
		ADDED from src/main/AndroidManifest.xml:2:11-69
uses-sdk
ADDED from src/main/AndroidManifest.xml:7:5-9:41
MERGED from [com.android.support:support-v4:23.4.0] AndroidManifest.xml:20:5-43
MERGED from [com.android.support:design:23.4.0] AndroidManifest.xml:20:5-43
MERGED from [com.android.support:recyclerview-v7:23.4.0] AndroidManifest.xml:20:5-43
MERGED from [com.android.support:support-v4:23.4.0] AndroidManifest.xml:20:5-43
MERGED from [com.android.support:appcompat-v7:23.4.0] AndroidManifest.xml:21:5-23:78
MERGED from [com.android.support:animated-vector-drawable:23.4.0] AndroidManifest.xml:5:5-44
MERGED from [com.android.support:support-vector-drawable:23.4.0] AndroidManifest.xml:5:5-43
MERGED from [com.android.support:support-v4:23.4.0] AndroidManifest.xml:20:5-43
MERGED from [com.android.support:support-v4:23.4.0] AndroidManifest.xml:20:5-43
MERGED from [com.android.support:support-vector-drawable:23.4.0] AndroidManifest.xml:5:5-43
MERGED from [com.android.support:support-v4:23.4.0] AndroidManifest.xml:20:5-43
MERGED from [com.android.support:support-v4:23.4.0] AndroidManifest.xml:20:5-43
MERGED from [com.google.android.gms:play-services-appindexing:8.1.0] AndroidManifest.xml:18:5-42
MERGED from [com.google.android.gms:play-services-basement:8.1.0] AndroidManifest.xml:18:5-42
MERGED from [com.android.support:support-v4:23.4.0] AndroidManifest.xml:20:5-43
	tools:overrideLibrary
		ADDED from [com.android.support:appcompat-v7:23.4.0] AndroidManifest.xml:23:9-75
	android:targetSdkVersion
		ADDED from src/main/AndroidManifest.xml:9:9-38
		INJECTED from src/main/AndroidManifest.xml
		INJECTED from src/main/AndroidManifest.xml
	android:minSdkVersion
		ADDED from src/main/AndroidManifest.xml:8:9-35
		INJECTED from src/main/AndroidManifest.xml
		INJECTED from src/main/AndroidManifest.xml
application
ADDED from src/main/AndroidManifest.xml:11:5-66:19
MERGED from [com.android.support:support-v4:23.4.0] AndroidManifest.xml:22:5-20
MERGED from [com.android.support:design:23.4.0] AndroidManifest.xml:22:5-20
MERGED from [com.android.support:support-v4:23.4.0] AndroidManifest.xml:22:5-20
MERGED from [com.android.support:appcompat-v7:23.4.0] AndroidManifest.xml:25:5-20
MERGED from [com.android.support:animated-vector-drawable:23.4.0] AndroidManifest.xml:7:5-20
MERGED from [com.android.support:support-vector-drawable:23.4.0] AndroidManifest.xml:7:5-20
MERGED from [com.android.support:support-v4:23.4.0] AndroidManifest.xml:22:5-20
MERGED from [com.android.support:support-v4:23.4.0] AndroidManifest.xml:22:5-20
MERGED from [com.android.support:support-vector-drawable:23.4.0] AndroidManifest.xml:7:5-20
MERGED from [com.android.support:support-v4:23.4.0] AndroidManifest.xml:22:5-20
MERGED from [com.android.support:support-v4:23.4.0] AndroidManifest.xml:22:5-20
MERGED from [com.google.android.gms:play-services-appindexing:8.1.0] AndroidManifest.xml:19:5-20
MERGED from [com.google.android.gms:play-services-basement:8.1.0] AndroidManifest.xml:20:5-24:19
MERGED from [com.android.support:support-v4:23.4.0] AndroidManifest.xml:22:5-20
	android:label
		ADDED from src/main/AndroidManifest.xml:14:9-41
	android:allowBackup
		ADDED from src/main/AndroidManifest.xml:12:9-35
	android:icon
		ADDED from src/main/AndroidManifest.xml:13:9-45
	android:theme
		ADDED from src/main/AndroidManifest.xml:15:9-40
activity#com.chatt.SplashScreen
ADDED from src/main/AndroidManifest.xml:17:9-28:20
	android:screenOrientation
		ADDED from src/main/AndroidManifest.xml:20:13-50
	android:label
		ADDED from src/main/AndroidManifest.xml:19:13-45
	android:windowSoftInputMode
		ADDED from src/main/AndroidManifest.xml:21:13-54
	android:theme
		ADDED from src/main/AndroidManifest.xml:22:13-77
	android:name
		ADDED from src/main/AndroidManifest.xml:18:13-40
intent-filter#android.intent.action.MAIN+android.intent.category.LAUNCHER
ADDED from src/main/AndroidManifest.xml:23:13-27:29
action#android.intent.action.MAIN
ADDED from src/main/AndroidManifest.xml:24:17-69
	android:name
		ADDED from src/main/AndroidManifest.xml:24:25-66
category#android.intent.category.LAUNCHER
ADDED from src/main/AndroidManifest.xml:26:17-77
	android:name
		ADDED from src/main/AndroidManifest.xml:26:27-74
activity#com.chatt.Login
ADDED from src/main/AndroidManifest.xml:30:9-35:20
	android:screenOrientation
		ADDED from src/main/AndroidManifest.xml:32:13-50
	android:windowSoftInputMode
		ADDED from src/main/AndroidManifest.xml:33:13-54
	android:theme
		ADDED from src/main/AndroidManifest.xml:34:13-77
	android:name
		ADDED from src/main/AndroidManifest.xml:31:13-33
activity#com.chatt.MainActivity
ADDED from src/main/AndroidManifest.xml:37:9-42:20
	android:screenOrientation
		ADDED from src/main/AndroidManifest.xml:40:13-50
	android:label
		ADDED from src/main/AndroidManifest.xml:39:13-45
	android:windowSoftInputMode
		ADDED from src/main/AndroidManifest.xml:41:13-67
	android:name
		ADDED from src/main/AndroidManifest.xml:38:13-40
activity#com.chatt.NewChat
ADDED from src/main/AndroidManifest.xml:43:9-48:20
	android:screenOrientation
		ADDED from src/main/AndroidManifest.xml:46:13-50
	android:label
		ADDED from src/main/AndroidManifest.xml:45:13-45
	android:windowSoftInputMode
		ADDED from src/main/AndroidManifest.xml:47:13-67
	android:name
		ADDED from src/main/AndroidManifest.xml:44:13-35
activity#com.chatt.ChatView
ADDED from src/main/AndroidManifest.xml:49:9-54:20
	android:screenOrientation
		ADDED from src/main/AndroidManifest.xml:52:13-50
	android:label
		ADDED from src/main/AndroidManifest.xml:51:13-45
	android:windowSoftInputMode
		ADDED from src/main/AndroidManifest.xml:53:13-67
	android:name
		ADDED from src/main/AndroidManifest.xml:50:13-36
meta-data#com.google.android.gms.version
ADDED from src/main/AndroidManifest.xml:56:9-58:69
MERGED from [com.google.android.gms:play-services-basement:8.1.0] AndroidManifest.xml:21:9-23:69
	android:value
		ADDED from src/main/AndroidManifest.xml:58:13-66
	android:name
		ADDED from src/main/AndroidManifest.xml:57:13-58
uses-permission#android.permission.INTERNET
ADDED from src/main/AndroidManifest.xml:67:5-67
	android:name
		ADDED from src/main/AndroidManifest.xml:67:22-64
uses-permission#android.permission.ACCESS_NETWORK_STATE
ADDED from src/main/AndroidManifest.xml:68:5-79
	android:name
		ADDED from src/main/AndroidManifest.xml:68:22-76
uses-permission#android.permission.CAMERA
ADDED from src/main/AndroidManifest.xml:69:5-64
	android:name
		ADDED from src/main/AndroidManifest.xml:69:22-62
uses-permission#android.permission.CAPTURE_AUDIO_OUTPUT
ADDED from src/main/AndroidManifest.xml:70:5-78
	android:name
		ADDED from src/main/AndroidManifest.xml:70:22-76
uses-permission#android.permission.RECORD_AUDIO
ADDED from src/main/AndroidManifest.xml:71:5-70
	android:name
		ADDED from src/main/AndroidManifest.xml:71:22-68
uses-permission#android.permission.WRITE_EXTERNAL_STORAGE
ADDED from src/main/AndroidManifest.xml:72:5-80
	android:name
		ADDED from src/main/AndroidManifest.xml:72:22-78
uses-permission#android.permission.ACCESS_WIFI_STATE
ADDED from src/main/AndroidManifest.xml:73:5-76
	android:name
		ADDED from src/main/AndroidManifest.xml:73:22-73
uses-permission#android.permission.READ_PHONE_STATE
ADDED from src/main/AndroidManifest.xml:74:5-75
	android:name
		ADDED from src/main/AndroidManifest.xml:74:22-72